{"level":"error","message":"GET /users 요청은 유효하지 않습니다."}
{"level":"error","message":"GET /users/ 요청은 유효하지 않습니다."}
{"level":"error","message":"GET /users/ 요청은 유효하지 않습니다."}
{"level":"error","message":"GET /users 요청은 유효하지 않습니다."}
{"level":"error","message":"GET /dist/app.js 요청은 유효하지 않습니다."}
{"level":"error","message":"GET /favicon.ico 요청은 유효하지 않습니다."}
{"level":"error","message":"GET /dist/app.js 요청은 유효하지 않습니다."}
{"level":"error","message":"GET /favicon.ico 요청은 유효하지 않습니다."}
{"level":"error","message":"GET /dist/app.js 요청은 유효하지 않습니다."}
{"level":"error","message":"GET /favicon.ico 요청은 유효하지 않습니다."}
{"level":"error","message":"GET /dist/app.js 요청은 유효하지 않습니다."}
{"level":"error","message":"GET /dist/app.js 요청은 유효하지 않습니다."}
{"level":"error","message":"GET /dist/app.js 요청은 유효하지 않습니다."}
{"level":"error","message":"GET /dist/app.js 요청은 유효하지 않습니다."}
{"level":"error","message":"GET /api 요청은 유효하지 않습니다."}
{"level":"error","message":"GET /dist/app.js 요청은 유효하지 않습니다."}
{"level":"error","message":"GET /favicon.ico 요청은 유효하지 않습니다."}
{"level":"error","message":"GET /favicon.ico 요청은 유효하지 않습니다."}
{"level":"error","message":"GET /favicon.ico 요청은 유효하지 않습니다."}
{"level":"error","message":"GET /favicon.ico 요청은 유효하지 않습니다."}
{"level":"error","message":"GET /favicon.ico 요청은 유효하지 않습니다."}
